<?xml version="1.0" encoding="UTF-8"?>
<testng-results skipped="0" failed="0" ignored="0" total="1" passed="1">
  <reporter-output>
  </reporter-output>
  <suite name="Default suite" duration-ms="1784" started-at="2021-04-30T14:43:26 CST" finished-at="2021-04-30T14:43:28 CST">
    <groups>
    </groups>
    <test name="Default test" duration-ms="1784" started-at="2021-04-30T14:43:26 CST" finished-at="2021-04-30T14:43:28 CST">
      <class name="dao.Demo">
        <test-method status="PASS" signature="getdemo1()[pri:1, instance:dao.Demo@4d339552]" name="getdemo1" duration-ms="1759" started-at="2021-04-30T14:43:26 CST" finished-at="2021-04-30T14:43:28 CST">
          <reporter-output>
          </reporter-output>
        </test-method> <!-- getdemo1 -->
      </class> <!-- dao.Demo -->
    </test> <!-- Default test -->
  </suite> <!-- Default suite -->
</testng-results>
